app/build/intermediates/manifest_merge_blame_file/debug/manifest-merger-blame-debug-report.txt
1<?xml version="1.0" encoding="utf-8"?>
2<manifest xmlns:android="http://schemas.android.com/apk/res/android"
3    package="com.ijona.covid"
4    android:versionCode="1"
5    android:versionName="1.0" >
6
7    <uses-sdk
8        android:minSdkVersion="19"
8-->src/main/AndroidManifest.xml
9        android:targetSdkVersion="29" />
9-->src/main/AndroidManifest.xml
10
11    <uses-permission android:name="android.permission.ACCESS_NETWORK_STATE" />
11-->src/main/AndroidManifest.xml:6:5-79
11-->src/main/AndroidManifest.xml:6:22-76
12    <uses-permission android:name="android.permission.INTERNET" />
12-->src/main/AndroidManifest.xml:7:5-67
12-->src/main/AndroidManifest.xml:7:22-64
13    <uses-permission android:name="android.permission.ACCESS_FINE_LOCATION" />
13-->src/main/AndroidManifest.xml:8:5-79
13-->src/main/AndroidManifest.xml:8:22-76
14
15    <uses-feature
15-->[com.mapbox.mapboxsdk:mapbox-android-sdk:8.6.2] AndroidManifest.xml:9:5-11:35
16        android:glEsVersion="0x00020000"
16-->[com.mapbox.mapboxsdk:mapbox-android-sdk:8.6.2] AndroidManifest.xml:10:9-41
17        android:required="true" />
17-->[com.mapbox.mapboxsdk:mapbox-android-sdk:8.6.2] AndroidManifest.xml:11:9-32
18    <uses-feature
18-->[com.mapbox.mapboxsdk:mapbox-android-sdk:8.6.2] AndroidManifest.xml:12:5-14:36
19        android:name="android.hardware.wifi"
19-->[com.mapbox.mapboxsdk:mapbox-android-sdk:8.6.2] AndroidManifest.xml:13:9-45
20        android:required="false" />
20-->[com.mapbox.mapboxsdk:mapbox-android-sdk:8.6.2] AndroidManifest.xml:14:9-33
21
22    <uses-permission android:name="android.permission.ACCESS_WIFI_STATE" /> <!-- Required for CrashReporterJobIntentService on API levels below 25 -->
22-->[com.mapbox.mapboxsdk:mapbox-android-sdk:8.6.2] AndroidManifest.xml:18:5-76
22-->[com.mapbox.mapboxsdk:mapbox-android-sdk:8.6.2] AndroidManifest.xml:18:22-73
23    <uses-permission android:name="android.permission.WAKE_LOCK" />
23-->[com.mapbox.mapboxsdk:mapbox-android-telemetry:4.5.1] AndroidManifest.xml:12:5-68
23-->[com.mapbox.mapboxsdk:mapbox-android-telemetry:4.5.1] AndroidManifest.xml:12:22-65
24    <uses-permission android:name="android.permission.REORDER_TASKS" />
24-->[androidx.test:core:1.2.0] AndroidManifest.xml:24:5-72
24-->[androidx.test:core:1.2.0] AndroidManifest.xml:24:22-69
25    <uses-permission android:name="android.permission.RECEIVE_BOOT_COMPLETED" />
25-->[android.arch.work:work-runtime:1.0.1] AndroidManifest.xml:25:5-81
25-->[android.arch.work:work-runtime:1.0.1] AndroidManifest.xml:25:22-78
26
27    <application
27-->src/main/AndroidManifest.xml:10:5-32:19
28        android:name="com.ijona.covid.IJonaApp"
28-->src/main/AndroidManifest.xml:11:9-33
29        android:allowBackup="false"
29-->src/main/AndroidManifest.xml:12:9-36
30        android:appComponentFactory="androidx.core.app.CoreComponentFactory"
30-->[androidx.core:core:1.2.0] AndroidManifest.xml:24:18-86
31        android:debuggable="true"
31-->src/main/AndroidManifest.xml:13:9-34
32        android:icon="@mipmap/ic_launcher"
32-->src/main/AndroidManifest.xml:14:9-43
33        android:label="@string/app_name"
33-->src/main/AndroidManifest.xml:15:9-41
34        android:roundIcon="@mipmap/ic_launcher_round"
34-->src/main/AndroidManifest.xml:16:9-54
35        android:supportsRtl="true"
35-->src/main/AndroidManifest.xml:17:9-35
36        android:testOnly="true"
37        android:theme="@style/AppTheme"
37-->src/main/AndroidManifest.xml:18:9-40
38        android:usesCleartextTraffic="true" >
38-->src/main/AndroidManifest.xml:19:9-44
39        <activity
39-->src/main/AndroidManifest.xml:22:9-31:20
40            android:name="com.ijona.covid.ui.MainActivity"
40-->src/main/AndroidManifest.xml:23:13-44
41            android:label="@string/app_name"
41-->src/main/AndroidManifest.xml:24:13-45
42            android:theme="@style/AppTheme.NoActionBar" >
42-->src/main/AndroidManifest.xml:25:13-56
43            <intent-filter>
43-->src/main/AndroidManifest.xml:26:13-30:29
44                <action android:name="android.intent.action.MAIN" />
44-->src/main/AndroidManifest.xml:27:17-69
44-->src/main/AndroidManifest.xml:27:25-66
45
46                <category android:name="android.intent.category.LAUNCHER" />
46-->src/main/AndroidManifest.xml:29:17-77
46-->src/main/AndroidManifest.xml:29:27-74
47            </intent-filter>
48        </activity>
49        <activity
49-->[com.mapbox.mapboxsdk:mapbox-android-plugin-places-v8:0.9.0] AndroidManifest.xml:10:9-14:68
50            android:name="com.mapbox.mapboxsdk.plugins.places.autocomplete.ui.PlaceAutocompleteActivity"
50-->[com.mapbox.mapboxsdk:mapbox-android-plugin-places-v8:0.9.0] AndroidManifest.xml:11:13-105
51            android:configChanges="keyboard|keyboardHidden|orientation|screenLayout|uiMode|screenSize|smallestScreenSize"
51-->[com.mapbox.mapboxsdk:mapbox-android-plugin-places-v8:0.9.0] AndroidManifest.xml:12:13-122
52            android:theme="@style/mapbox_plugins_translucent"
52-->[com.mapbox.mapboxsdk:mapbox-android-plugin-places-v8:0.9.0] AndroidManifest.xml:13:13-62
53            android:windowSoftInputMode="stateVisible|adjustPan" />
53-->[com.mapbox.mapboxsdk:mapbox-android-plugin-places-v8:0.9.0] AndroidManifest.xml:14:13-65
54        <activity
54-->[com.mapbox.mapboxsdk:mapbox-android-plugin-places-v8:0.9.0] AndroidManifest.xml:15:9-17:125
55            android:name="com.mapbox.mapboxsdk.plugins.places.picker.ui.PlacePickerActivity"
55-->[com.mapbox.mapboxsdk:mapbox-android-plugin-places-v8:0.9.0] AndroidManifest.xml:16:13-93
56            android:configChanges="keyboard|keyboardHidden|orientation|screenLayout|uiMode|screenSize|smallestScreenSize" />
56-->[com.mapbox.mapboxsdk:mapbox-android-plugin-places-v8:0.9.0] AndroidManifest.xml:17:13-122
57
58        <provider
58-->[com.mapbox.mapboxsdk:mapbox-android-telemetry:4.5.1] AndroidManifest.xml:19:9-23:39
59            android:name="com.mapbox.android.telemetry.provider.MapboxTelemetryInitProvider"
59-->[com.mapbox.mapboxsdk:mapbox-android-telemetry:4.5.1] AndroidManifest.xml:20:13-93
60            android:authorities="com.ijona.covid.mapboxtelemetryinitprovider"
60-->[com.mapbox.mapboxsdk:mapbox-android-telemetry:4.5.1] AndroidManifest.xml:21:13-79
61            android:exported="false"
61-->[com.mapbox.mapboxsdk:mapbox-android-telemetry:4.5.1] AndroidManifest.xml:22:13-37
62            android:initOrder="100" />
62-->[com.mapbox.mapboxsdk:mapbox-android-telemetry:4.5.1] AndroidManifest.xml:23:13-36
63
64        <service
64-->[com.mapbox.mapboxsdk:mapbox-android-telemetry:4.5.1] AndroidManifest.xml:25:9-27:72
65            android:name="com.mapbox.android.telemetry.crash.CrashReporterJobIntentService"
65-->[com.mapbox.mapboxsdk:mapbox-android-telemetry:4.5.1] AndroidManifest.xml:26:13-92
66            android:permission="android.permission.BIND_JOB_SERVICE" />
66-->[com.mapbox.mapboxsdk:mapbox-android-telemetry:4.5.1] AndroidManifest.xml:27:13-69
67
68        <activity
68-->[androidx.test:core:1.2.0] AndroidManifest.xml:27:9-33:20
69            android:name="androidx.test.core.app.InstrumentationActivityInvoker$BootstrapActivity"
69-->[androidx.test:core:1.2.0] AndroidManifest.xml:28:13-99
70            android:theme="@android:style/Theme" >
70-->[androidx.test:core:1.2.0] AndroidManifest.xml:29:13-49
71            <intent-filter>
71-->[androidx.test:core:1.2.0] AndroidManifest.xml:30:13-32:29
72                <action android:name="android.intent.action.MAIN" />
72-->src/main/AndroidManifest.xml:27:17-69
72-->src/main/AndroidManifest.xml:27:25-66
73            </intent-filter>
74        </activity>
75        <activity
75-->[androidx.test:core:1.2.0] AndroidManifest.xml:34:9-40:20
76            android:name="androidx.test.core.app.InstrumentationActivityInvoker$EmptyActivity"
76-->[androidx.test:core:1.2.0] AndroidManifest.xml:35:13-95
77            android:theme="@android:style/Theme" >
77-->[androidx.test:core:1.2.0] AndroidManifest.xml:36:13-49
78            <intent-filter>
78-->[androidx.test:core:1.2.0] AndroidManifest.xml:30:13-32:29
79                <action android:name="android.intent.action.MAIN" />
79-->src/main/AndroidManifest.xml:27:17-69
79-->src/main/AndroidManifest.xml:27:25-66
80            </intent-filter>
81        </activity>
82        <activity
82-->[androidx.test:core:1.2.0] AndroidManifest.xml:41:9-47:20
83            android:name="androidx.test.core.app.InstrumentationActivityInvoker$EmptyFloatingActivity"
83-->[androidx.test:core:1.2.0] AndroidManifest.xml:42:13-103
84            android:theme="@android:style/Theme.Dialog" >
84-->[androidx.test:core:1.2.0] AndroidManifest.xml:43:13-56
85            <intent-filter>
85-->[androidx.test:core:1.2.0] AndroidManifest.xml:30:13-32:29
86                <action android:name="android.intent.action.MAIN" />
86-->src/main/AndroidManifest.xml:27:17-69
86-->src/main/AndroidManifest.xml:27:25-66
87            </intent-filter>
88        </activity>
89
90        <provider
90-->[android.arch.work:work-runtime:1.0.1] AndroidManifest.xml:28:9-34:35
91            android:name="androidx.work.impl.WorkManagerInitializer"
91-->[android.arch.work:work-runtime:1.0.1] AndroidManifest.xml:29:13-69
92            android:authorities="com.ijona.covid.workmanager-init"
92-->[android.arch.work:work-runtime:1.0.1] AndroidManifest.xml:30:13-68
93            android:directBootAware="false"
93-->[android.arch.work:work-runtime:1.0.1] AndroidManifest.xml:31:13-44
94            android:exported="false"
94-->[android.arch.work:work-runtime:1.0.1] AndroidManifest.xml:32:13-37
95            android:multiprocess="true" />
95-->[android.arch.work:work-runtime:1.0.1] AndroidManifest.xml:33:13-40
96
97        <service
97-->[android.arch.work:work-runtime:1.0.1] AndroidManifest.xml:36:9-41:35
98            android:name="androidx.work.impl.background.systemalarm.SystemAlarmService"
98-->[android.arch.work:work-runtime:1.0.1] AndroidManifest.xml:37:13-88
99            android:directBootAware="false"
99-->[android.arch.work:work-runtime:1.0.1] AndroidManifest.xml:38:13-44
100            android:enabled="@bool/enable_system_alarm_service_default"
100-->[android.arch.work:work-runtime:1.0.1] AndroidManifest.xml:39:13-72
101            android:exported="false" />
101-->[android.arch.work:work-runtime:1.0.1] AndroidManifest.xml:40:13-37
102        <service
102-->[android.arch.work:work-runtime:1.0.1] AndroidManifest.xml:42:9-48:35
103            android:name="androidx.work.impl.background.systemjob.SystemJobService"
103-->[android.arch.work:work-runtime:1.0.1] AndroidManifest.xml:43:13-84
104            android:directBootAware="false"
104-->[android.arch.work:work-runtime:1.0.1] AndroidManifest.xml:44:13-44
105            android:enabled="@bool/enable_system_job_service_default"
105-->[android.arch.work:work-runtime:1.0.1] AndroidManifest.xml:45:13-70
106            android:exported="true"
106-->[android.arch.work:work-runtime:1.0.1] AndroidManifest.xml:46:13-36
107            android:permission="android.permission.BIND_JOB_SERVICE" />
107-->[android.arch.work:work-runtime:1.0.1] AndroidManifest.xml:47:13-69
108
109        <receiver
109-->[android.arch.work:work-runtime:1.0.1] AndroidManifest.xml:50:9-55:35
110            android:name="androidx.work.impl.utils.ForceStopRunnable$BroadcastReceiver"
110-->[android.arch.work:work-runtime:1.0.1] AndroidManifest.xml:51:13-88
111            android:directBootAware="false"
111-->[android.arch.work:work-runtime:1.0.1] AndroidManifest.xml:52:13-44
112            android:enabled="true"
112-->[android.arch.work:work-runtime:1.0.1] AndroidManifest.xml:53:13-35
113            android:exported="false" />
113-->[android.arch.work:work-runtime:1.0.1] AndroidManifest.xml:54:13-37
114        <receiver
114-->[android.arch.work:work-runtime:1.0.1] AndroidManifest.xml:56:9-66:20
115            android:name="androidx.work.impl.background.systemalarm.ConstraintProxy$BatteryChargingProxy"
115-->[android.arch.work:work-runtime:1.0.1] AndroidManifest.xml:57:13-106
116            android:directBootAware="false"
116-->[android.arch.work:work-runtime:1.0.1] AndroidManifest.xml:58:13-44
117            android:enabled="false"
117-->[android.arch.work:work-runtime:1.0.1] AndroidManifest.xml:59:13-36
118            android:exported="false" >
118-->[android.arch.work:work-runtime:1.0.1] AndroidManifest.xml:60:13-37
119            <intent-filter>
119-->[android.arch.work:work-runtime:1.0.1] AndroidManifest.xml:62:13-65:29
120                <action android:name="android.intent.action.ACTION_POWER_CONNECTED" />
120-->[android.arch.work:work-runtime:1.0.1] AndroidManifest.xml:63:17-87
120-->[android.arch.work:work-runtime:1.0.1] AndroidManifest.xml:63:25-84
121                <action android:name="android.intent.action.ACTION_POWER_DISCONNECTED" />
121-->[android.arch.work:work-runtime:1.0.1] AndroidManifest.xml:64:17-90
121-->[android.arch.work:work-runtime:1.0.1] AndroidManifest.xml:64:25-87
122            </intent-filter>
123        </receiver>
124        <receiver
124-->[android.arch.work:work-runtime:1.0.1] AndroidManifest.xml:67:9-77:20
125            android:name="androidx.work.impl.background.systemalarm.ConstraintProxy$BatteryNotLowProxy"
125-->[android.arch.work:work-runtime:1.0.1] AndroidManifest.xml:68:13-104
126            android:directBootAware="false"
126-->[android.arch.work:work-runtime:1.0.1] AndroidManifest.xml:69:13-44
127            android:enabled="false"
127-->[android.arch.work:work-runtime:1.0.1] AndroidManifest.xml:70:13-36
128            android:exported="false" >
128-->[android.arch.work:work-runtime:1.0.1] AndroidManifest.xml:71:13-37
129            <intent-filter>
129-->[android.arch.work:work-runtime:1.0.1] AndroidManifest.xml:73:13-76:29
130                <action android:name="android.intent.action.BATTERY_OKAY" />
130-->[android.arch.work:work-runtime:1.0.1] AndroidManifest.xml:74:17-77
130-->[android.arch.work:work-runtime:1.0.1] AndroidManifest.xml:74:25-74
131                <action android:name="android.intent.action.BATTERY_LOW" />
131-->[android.arch.work:work-runtime:1.0.1] AndroidManifest.xml:75:17-76
131-->[android.arch.work:work-runtime:1.0.1] AndroidManifest.xml:75:25-73
132            </intent-filter>
133        </receiver>
134        <receiver
134-->[android.arch.work:work-runtime:1.0.1] AndroidManifest.xml:78:9-88:20
135            android:name="androidx.work.impl.background.systemalarm.ConstraintProxy$StorageNotLowProxy"
135-->[android.arch.work:work-runtime:1.0.1] AndroidManifest.xml:79:13-104
136            android:directBootAware="false"
136-->[android.arch.work:work-runtime:1.0.1] AndroidManifest.xml:80:13-44
137            android:enabled="false"
137-->[android.arch.work:work-runtime:1.0.1] AndroidManifest.xml:81:13-36
138            android:exported="false" >
138-->[android.arch.work:work-runtime:1.0.1] AndroidManifest.xml:82:13-37
139            <intent-filter>
139-->[android.arch.work:work-runtime:1.0.1] AndroidManifest.xml:84:13-87:29
140                <action android:name="android.intent.action.DEVICE_STORAGE_LOW" />
140-->[android.arch.work:work-runtime:1.0.1] AndroidManifest.xml:85:17-83
140-->[android.arch.work:work-runtime:1.0.1] AndroidManifest.xml:85:25-80
141                <action android:name="android.intent.action.DEVICE_STORAGE_OK" />
141-->[android.arch.work:work-runtime:1.0.1] AndroidManifest.xml:86:17-82
141-->[android.arch.work:work-runtime:1.0.1] AndroidManifest.xml:86:25-79
142            </intent-filter>
143        </receiver>
144        <receiver
144-->[android.arch.work:work-runtime:1.0.1] AndroidManifest.xml:89:9-98:20
145            android:name="androidx.work.impl.background.systemalarm.ConstraintProxy$NetworkStateProxy"
145-->[android.arch.work:work-runtime:1.0.1] AndroidManifest.xml:90:13-103
146            android:directBootAware="false"
146-->[android.arch.work:work-runtime:1.0.1] AndroidManifest.xml:91:13-44
147            android:enabled="false"
147-->[android.arch.work:work-runtime:1.0.1] AndroidManifest.xml:92:13-36
148            android:exported="false" >
148-->[android.arch.work:work-runtime:1.0.1] AndroidManifest.xml:93:13-37
149            <intent-filter>
149-->[android.arch.work:work-runtime:1.0.1] AndroidManifest.xml:95:13-97:29
150                <action android:name="android.net.conn.CONNECTIVITY_CHANGE" />
150-->[android.arch.work:work-runtime:1.0.1] AndroidManifest.xml:96:17-79
150-->[android.arch.work:work-runtime:1.0.1] AndroidManifest.xml:96:25-76
151            </intent-filter>
152        </receiver>
153        <receiver
153-->[android.arch.work:work-runtime:1.0.1] AndroidManifest.xml:99:9-110:20
154            android:name="androidx.work.impl.background.systemalarm.RescheduleReceiver"
154-->[android.arch.work:work-runtime:1.0.1] AndroidManifest.xml:100:13-88
155            android:directBootAware="false"
155-->[android.arch.work:work-runtime:1.0.1] AndroidManifest.xml:101:13-44
156            android:enabled="false"
156-->[android.arch.work:work-runtime:1.0.1] AndroidManifest.xml:102:13-36
157            android:exported="false" >
157-->[android.arch.work:work-runtime:1.0.1] AndroidManifest.xml:103:13-37
158            <intent-filter>
158-->[android.arch.work:work-runtime:1.0.1] AndroidManifest.xml:105:13-109:29
159                <action android:name="android.intent.action.BOOT_COMPLETED" />
159-->[android.arch.work:work-runtime:1.0.1] AndroidManifest.xml:106:17-79
159-->[android.arch.work:work-runtime:1.0.1] AndroidManifest.xml:106:25-76
160                <action android:name="android.intent.action.TIME_SET" />
160-->[android.arch.work:work-runtime:1.0.1] AndroidManifest.xml:107:17-73
160-->[android.arch.work:work-runtime:1.0.1] AndroidManifest.xml:107:25-70
161                <action android:name="android.intent.action.TIMEZONE_CHANGED" />
161-->[android.arch.work:work-runtime:1.0.1] AndroidManifest.xml:108:17-81
161-->[android.arch.work:work-runtime:1.0.1] AndroidManifest.xml:108:25-78
162            </intent-filter>
163        </receiver>
164        <receiver
164-->[android.arch.work:work-runtime:1.0.1] AndroidManifest.xml:111:9-120:20
165            android:name="androidx.work.impl.background.systemalarm.ConstraintProxyUpdateReceiver"
165-->[android.arch.work:work-runtime:1.0.1] AndroidManifest.xml:112:13-99
166            android:directBootAware="false"
166-->[android.arch.work:work-runtime:1.0.1] AndroidManifest.xml:113:13-44
167            android:enabled="@bool/enable_system_alarm_service_default"
167-->[android.arch.work:work-runtime:1.0.1] AndroidManifest.xml:114:13-72
168            android:exported="false" >
168-->[android.arch.work:work-runtime:1.0.1] AndroidManifest.xml:115:13-37
169            <intent-filter>
169-->[android.arch.work:work-runtime:1.0.1] AndroidManifest.xml:117:13-119:29
170                <action android:name="androidx.work.impl.background.systemalarm.UpdateProxies" />
170-->[android.arch.work:work-runtime:1.0.1] AndroidManifest.xml:118:17-98
170-->[android.arch.work:work-runtime:1.0.1] AndroidManifest.xml:118:25-95
171            </intent-filter>
172        </receiver>
173
174        <service
174-->[androidx.room:room-runtime:2.2.3] AndroidManifest.xml:25:9-27:40
175            android:name="androidx.room.MultiInstanceInvalidationService"
175-->[androidx.room:room-runtime:2.2.3] AndroidManifest.xml:26:13-74
176            android:exported="false" />
176-->[androidx.room:room-runtime:2.2.3] AndroidManifest.xml:27:13-37
177
178        <provider
178-->[androidx.lifecycle:lifecycle-process:2.0.0] AndroidManifest.xml:23:9-27:43
179            android:name="androidx.lifecycle.ProcessLifecycleOwnerInitializer"
179-->[androidx.lifecycle:lifecycle-process:2.0.0] AndroidManifest.xml:24:13-79
180            android:authorities="com.ijona.covid.lifecycle-process"
180-->[androidx.lifecycle:lifecycle-process:2.0.0] AndroidManifest.xml:25:13-69
181            android:exported="false"
181-->[androidx.lifecycle:lifecycle-process:2.0.0] AndroidManifest.xml:26:13-37
182            android:multiprocess="true" />
182-->[androidx.lifecycle:lifecycle-process:2.0.0] AndroidManifest.xml:27:13-40
183    </application>
184
185</manifest>